c:\studia\3\projektc++\projektc++\x64\debug\vc143.pdb
c:\studia\3\projektc++\projektc++\x64\debug\vc143.idb
c:\studia\3\projektc++\projektc++\x64\debug\weapons.obj
c:\studia\3\projektc++\projektc++\x64\debug\game.obj
c:\studia\3\projektc++\projektc++\x64\debug\enemy.obj
c:\studia\3\projektc++\projektc++\x64\debug\player.obj
c:\studia\3\projektc++\projektc++\x64\debug\render.obj
c:\studia\3\projektc++\projektc++\x64\debug\main.obj
c:\studia\3\projektc++\projektc++\x64\debug\powerup.obj
c:\studia\3\projektc++\x64\debug\projektc++.exe
c:\studia\3\projektc++\projektc++\x64\debug\projektc++.ilk
c:\studia\3\projektc++\x64\debug\projektc++.pdb
c:\studia\3\projektc++\projektc++\x64\debug\uimanager.obj
c:\studia\3\projektc++\x64\debug\projektc++.ilk
c:\studia\3\projektc++\projektc++\x64\debug\projektc++.tlog\cl.command.1.tlog
c:\studia\3\projektc++\projektc++\x64\debug\projektc++.tlog\cl.items.tlog
c:\studia\3\projektc++\projektc++\x64\debug\projektc++.tlog\cl.read.1.tlog
c:\studia\3\projektc++\projektc++\x64\debug\projektc++.tlog\cl.write.1.tlog
c:\studia\3\projektc++\projektc++\x64\debug\projektc++.tlog\link.command.1.tlog
c:\studia\3\projektc++\projektc++\x64\debug\projektc++.tlog\link.read.1.tlog
c:\studia\3\projektc++\projektc++\x64\debug\projektc++.tlog\link.write.1.tlog
